<?xml version="1.0" encoding="UTF-8"?>
<!-- Generated by org.testng.reporters.JUnitReportReporter -->
<testsuite skipped="0" hostname="DELL" name="com.leaftaps.testcases.TC004_DeleteLead" tests="1" failures="0" timestamp="2022-09-02T22:35:18 IST" time="68.888" errors="0">
  <testcase name="runLogin" time="68.888" classname="com.leaftaps.testcases.TC004_DeleteLead"/>
  <system-out/>
</testsuite> <!-- com.leaftaps.testcases.TC004_DeleteLead -->
