<?xml version="1.0" encoding="UTF-8"?>
<!-- Generated by org.testng.reporters.JUnitReportReporter -->
<testsuite skipped="0" hostname="DELL" name="com.leaftaps.testcases.TC001_VerifyLogin" tests="1" failures="0" timestamp="2022-09-02T22:35:18 IST" time="24.328" errors="0">
  <testcase name="runLogin" time="24.328" classname="com.leaftaps.testcases.TC001_VerifyLogin"/>
  <system-out/>
</testsuite> <!-- com.leaftaps.testcases.TC001_VerifyLogin -->
