<?xml version="1.0" encoding="UTF-8"?>
<!-- Generated by org.testng.reporters.JUnitReportReporter -->
<testsuite skipped="0" hostname="DELL" name="com.leaftaps.testcases.TC005_DuplicateLead" tests="1" failures="0" timestamp="2022-09-02T22:35:18 IST" time="66.741" errors="0">
  <testcase name="runLogin" time="66.741" classname="com.leaftaps.testcases.TC005_DuplicateLead"/>
  <system-out/>
</testsuite> <!-- com.leaftaps.testcases.TC005_DuplicateLead -->
