<?xml version="1.0" encoding="UTF-8"?>
<!-- Generated by org.testng.reporters.JUnitReportReporter -->
<testsuite skipped="0" hostname="DELL" name="com.leaftaps.testcases.TC003_Editlead" tests="1" failures="0" timestamp="2022-09-02T22:35:18 IST" time="67.396" errors="0">
  <testcase name="runLogin" time="67.396" classname="com.leaftaps.testcases.TC003_Editlead"/>
  <system-out/>
</testsuite> <!-- com.leaftaps.testcases.TC003_Editlead -->
